
/home/runner/work/exp-sound-level-meter-coep/exp-sound-level-meter-coep/experiment/simulation/lib/jquery.js
  2:58     warning  'module' is not defined                                                    no-undef
  2:73     warning  'module' is not defined                                                    no-undef
  2:6324   warning  Expected a conditional expression and instead saw an assignment            no-cond-assign
  2:6580   warning  Expected a conditional expression and instead saw an assignment            no-cond-assign
  2:7011   warning  Expected a conditional expression and instead saw an assignment            no-cond-assign
  2:7270   warning  Empty block statement                                                      no-empty
  2:7839   warning  Expected a conditional expression and instead saw an assignment            no-cond-assign
  2:9709   warning  Expected a conditional expression and instead saw an assignment            no-cond-assign
  2:11311  warning  Expected a conditional expression and instead saw an assignment            no-cond-assign
  2:11887  warning  Expected a conditional expression and instead saw an assignment            no-cond-assign
  2:11925  warning  Expected a conditional expression and instead saw an assignment            no-cond-assign
  2:12343  warning  Empty block statement                                                      no-empty
  2:12906  warning  Expected a conditional expression and instead saw an assignment            no-cond-assign
  2:13218  warning  Expected a conditional expression and instead saw an assignment            no-cond-assign
  2:15046  warning  Expected a conditional expression and instead saw an assignment            no-cond-assign
  2:15317  warning  Expected a conditional expression and instead saw an assignment            no-cond-assign
  2:15517  warning  Expected a conditional expression and instead saw an assignment            no-cond-assign
  2:15893  warning  Do not access Object.prototype method 'hasOwnProperty' from target object  no-prototype-builtins
  2:16598  warning  Expected a conditional expression and instead saw an assignment            no-cond-assign
  2:18982  warning  Expected a conditional expression and instead saw an assignment            no-cond-assign
  2:19073  warning  Expected a conditional expression and instead saw an assignment            no-cond-assign
  2:19133  warning  Expected a conditional expression and instead saw an assignment            no-cond-assign
  2:20435  warning  Expected a conditional expression and instead saw an assignment            no-cond-assign
  2:21049  warning  Expected a conditional expression and instead saw an assignment            no-cond-assign
  2:21160  warning  Expected a conditional expression and instead saw an assignment            no-cond-assign
  2:23420  warning  Unnecessary escape character: \[                                           no-useless-escape
  2:23422  warning  Unnecessary escape character: \.                                           no-useless-escape
  2:30761  warning  Empty block statement                                                      no-empty
  2:31981  warning  Empty block statement                                                      no-empty
  3:7811   warning  Expected a conditional expression and instead saw an assignment            no-cond-assign
  3:7951   warning  Expected a conditional expression and instead saw an assignment            no-cond-assign
  3:8441   warning  Empty block statement                                                      no-empty
  3:11852  warning  Empty block statement                                                      no-empty
  3:14493  warning  Empty block statement                                                      no-empty
  3:24051  warning  Empty block statement                                                      no-empty
  3:26100  warning  Move function declaration to function body root                            no-inner-declarations
  3:30714  warning  Empty block statement                                                      no-empty
  4:2546   warning  Expected a conditional expression and instead saw an assignment            no-cond-assign
  4:5062   warning  Expected a conditional expression and instead saw an assignment            no-cond-assign
  4:11701  warning  Expected a conditional expression and instead saw an assignment            no-cond-assign
  4:13447  warning  Empty block statement                                                      no-empty
  4:14747  warning  Expected a conditional expression and instead saw an assignment            no-cond-assign
  4:14827  warning  Expected a conditional expression and instead saw an assignment            no-cond-assign
  4:15164  warning  Expected a conditional expression and instead saw an assignment            no-cond-assign
  4:15244  warning  Expected a conditional expression and instead saw an assignment            no-cond-assign
  4:15659  warning  Expected a conditional expression and instead saw an assignment            no-cond-assign
  4:15915  warning  Expected a conditional expression and instead saw an assignment            no-cond-assign
  4:16492  warning  Unnecessary escape character: \/                                           no-useless-escape
  4:17365  warning  Unnecessary escape character: \/                                           no-useless-escape
  4:17377  warning  Unnecessary escape character: \/                                           no-useless-escape
  4:17610  warning  Expected a conditional expression and instead saw an assignment            no-cond-assign
  4:20109  warning  Expected a conditional expression and instead saw an assignment            no-cond-assign
  4:22009  warning  Expected a conditional expression and instead saw an assignment            no-cond-assign
  4:27128  warning  Empty block statement                                                      no-empty
  4:27205  warning  Empty block statement                                                      no-empty
  5:812    warning  'define' is not defined                                                    no-undef
  5:824    warning  'define' is not defined                                                    no-undef

/home/runner/work/exp-sound-level-meter-coep/exp-sound-level-meter-coep/experiment/simulation/lib/jquery.min.js
  2:71     warning  'module' is not defined                                                    no-undef
  2:86     warning  'module' is not defined                                                    no-undef
  2:5433   warning  Unexpected control character(s) in regular expression: \x1f, \x1f          no-control-regex
  2:5916   warning  Expected a conditional expression and instead saw an assignment            no-cond-assign
  2:6170   warning  Expected a conditional expression and instead saw an assignment            no-cond-assign
  2:6614   warning  Expected a conditional expression and instead saw an assignment            no-cond-assign
  2:7404   warning  Expected a conditional expression and instead saw an assignment            no-cond-assign
  2:9497   warning  Expected a conditional expression and instead saw an assignment            no-cond-assign
  2:9807   warning  Expected a conditional expression and instead saw an assignment            no-cond-assign
  2:11608  warning  Expected a conditional expression and instead saw an assignment            no-cond-assign
  2:12183  warning  Expected a conditional expression and instead saw an assignment            no-cond-assign
  2:12221  warning  Expected a conditional expression and instead saw an assignment            no-cond-assign
  2:13234  warning  Expected a conditional expression and instead saw an assignment            no-cond-assign
  2:13546  warning  Expected a conditional expression and instead saw an assignment            no-cond-assign
  2:15374  warning  Expected a conditional expression and instead saw an assignment            no-cond-assign
  2:15645  warning  Expected a conditional expression and instead saw an assignment            no-cond-assign
  2:15843  warning  Expected a conditional expression and instead saw an assignment            no-cond-assign
  2:16217  warning  Do not access Object.prototype method 'hasOwnProperty' from target object  no-prototype-builtins
  2:16907  warning  Expected a conditional expression and instead saw an assignment            no-cond-assign
  2:18727  warning  Expected a conditional expression and instead saw an assignment            no-cond-assign
  2:18827  warning  Expected a conditional expression and instead saw an assignment            no-cond-assign
  2:18887  warning  Expected a conditional expression and instead saw an assignment            no-cond-assign
  2:19071  warning  Expected a conditional expression and instead saw an assignment            no-cond-assign
  2:20240  warning  Expected a conditional expression and instead saw an assignment            no-cond-assign
  2:21514  warning  Expected a conditional expression and instead saw an assignment            no-cond-assign
  2:21625  warning  Expected a conditional expression and instead saw an assignment            no-cond-assign
  2:23791  warning  Unnecessary escape character: \/                                           no-useless-escape
  2:33395  warning  Empty block statement                                                      no-empty
  2:37269  warning  Unnecessary escape character: \/                                           no-useless-escape
  2:38490  warning  Expected a conditional expression and instead saw an assignment            no-cond-assign
  2:38606  warning  Expected a conditional expression and instead saw an assignment            no-cond-assign
  2:39234  warning  Empty block statement                                                      no-empty
  2:46727  warning  Unnecessary escape character: \/                                           no-useless-escape
  2:49033  warning  Expected a conditional expression and instead saw an assignment            no-cond-assign
  2:50593  warning  Empty block statement                                                      no-empty
  2:58406  warning  Expected a conditional expression and instead saw an assignment            no-cond-assign
  2:59575  warning  Expected a conditional expression and instead saw an assignment            no-cond-assign
  2:65215  warning  Expected a conditional expression and instead saw an assignment            no-cond-assign
  2:66958  warning  Expected a conditional expression and instead saw an assignment            no-cond-assign
  2:67024  warning  Expected a conditional expression and instead saw an assignment            no-cond-assign
  2:67328  warning  Expected a conditional expression and instead saw an assignment            no-cond-assign
  2:67394  warning  Expected a conditional expression and instead saw an assignment            no-cond-assign
  2:67801  warning  Expected a conditional expression and instead saw an assignment            no-cond-assign
  2:68078  warning  Expected a conditional expression and instead saw an assignment            no-cond-assign
  2:73449  warning  Expected a conditional expression and instead saw an assignment            no-cond-assign
  2:75043  warning  Expected a conditional expression and instead saw an assignment            no-cond-assign
  2:75823  warning  'r.href' is assigned to itself                                             no-self-assign
  2:80414  warning  Empty block statement                                                      no-empty
  2:83525  warning  Expected a conditional expression and instead saw an assignment            no-cond-assign
  2:87869  warning  'define' is not defined                                                    no-undef
  2:87881  warning  'define' is not defined                                                    no-undef

/home/runner/work/exp-sound-level-meter-coep/exp-sound-level-meter-coep/experiment/simulation/lib/raphael.js
  5800:60  error  Parsing error: Deleting local variable in strict mode

/home/runner/work/exp-sound-level-meter-coep/exp-sound-level-meter-coep/experiment/simulation/lib/raphael.min.js
  1:66     warning  'module' is not defined                                                                                                                          no-undef
  1:112    warning  'define' is not defined                                                                                                                          no-undef
  1:123    warning  'define' is not defined                                                                                                                          no-undef
  1:161    warning  'exports' is not defined                                                                                                                         no-undef
  1:1566   warning  'DocumentTouch' is not defined                                                                                                                   no-undef
  1:2001   warning  Unnecessary escape character: \.                                                                                                                 no-useless-escape
  1:2017   warning  Unnecessary escape character: \.                                                                                                                 no-useless-escape
  1:2033   warning  Unnecessary escape character: \.                                                                                                                 no-useless-escape
  1:2052   warning  Unnecessary escape character: \.                                                                                                                 no-useless-escape
  1:2081   warning  Unnecessary escape character: \.                                                                                                                 no-useless-escape
  1:2110   warning  Unnecessary escape character: \.                                                                                                                 no-useless-escape
  1:2126   warning  Unnecessary escape character: \.                                                                                                                 no-useless-escape
  1:2145   warning  Unnecessary escape character: \.                                                                                                                 no-useless-escape
  1:2174   warning  Unnecessary escape character: \.                                                                                                                 no-useless-escape
  1:2203   warning  Unnecessary escape character: \.                                                                                                                 no-useless-escape
  1:2219   warning  Unnecessary escape character: \.                                                                                                                 no-useless-escape
  1:2238   warning  Unnecessary escape character: \.                                                                                                                 no-useless-escape
  1:2346   warning  Unnecessary escape character: \)                                                                                                                 no-useless-escape
  1:3257   warning  Unexpected control character(s) in regular expression: \x09, \x0a, \x0b, \x0c, \x0d, \x09, \x0a, \x0b, \x0c, \x0d                                no-control-regex
  1:3582   warning  Unexpected control character(s) in regular expression: \x09, \x0a, \x0b, \x0c, \x0d, \x09, \x0a, \x0b, \x0c, \x0d, \x09, \x0a, \x0b, \x0c, \x0d  no-control-regex
  1:3756   warning  Unnecessary escape character: \-                                                                                                                 no-useless-escape
  1:4055   warning  Unexpected control character(s) in regular expression: \x09, \x0a, \x0b, \x0c, \x0d, \x09, \x0a, \x0b, \x0c, \x0d, \x09, \x0a, \x0b, \x0c, \x0d  no-control-regex
  1:4222   warning  Unnecessary escape character: \-                                                                                                                 no-useless-escape
  1:4521   warning  Unexpected control character(s) in regular expression: \x09, \x0a, \x0b, \x0c, \x0d, \x09, \x0a, \x0b, \x0c, \x0d                                no-control-regex
  1:4539   warning  Unnecessary escape character: \-                                                                                                                 no-useless-escape
  1:4856   warning  Unexpected control character(s) in regular expression: \x09, \x0a, \x0b, \x0c, \x0d, \x09, \x0a, \x0b, \x0c, \x0d                                no-control-regex
  1:5154   warning  Unnecessary escape character: \)                                                                                                                 no-useless-escape
  1:7857   warning  'ActiveXObject' is not defined                                                                                                                   no-undef
  1:7931   warning  'createPopup' is not defined                                                                                                                     no-undef
  1:19015  warning  Expected a 'break' statement before 'default'                                                                                                    no-fallthrough
  1:20113  warning  Expected a 'break' statement before 'default'                                                                                                    no-fallthrough
  1:20421  warning  Expected a 'break' statement before 'default'                                                                                                    no-fallthrough
  1:24342  warning  Unnecessary escape character: \.                                                                                                                 no-useless-escape
  1:35757  warning  't' is defined but never used                                                                                                                    no-unused-vars
  1:49075  warning  'r' is defined but never used                                                                                                                    no-unused-vars
  1:50549  warning  'i' is defined but never used                                                                                                                    no-unused-vars
  1:50598  warning  'r' is defined but never used                                                                                                                    no-unused-vars
  1:52666  warning  Unnecessary escape character: \}                                                                                                                 no-useless-escape
  1:53074  warning  Empty block statement                                                                                                                            no-empty
  1:53754  warning  Unnecessary escape character: \)                                                                                                                 no-useless-escape
  1:60967  warning  Unnecessary escape character: \-                                                                                                                 no-useless-escape
  1:72245  warning  Unnecessary escape character: \-                                                                                                                 no-useless-escape
  1:72515  warning  Unnecessary escape character: \(                                                                                                                 no-useless-escape
  1:72517  warning  Unnecessary escape character: \)                                                                                                                 no-useless-escape
  1:75570  warning  Expected a conditional expression and instead saw an assignment                                                                                  no-cond-assign
  1:77369  warning  Expected a 'break' statement before 'case'                                                                                                       no-fallthrough
  1:77405  warning  Expected a 'break' statement before 'case'                                                                                                       no-fallthrough
  1:77447  warning  Expected a 'break' statement before 'case'                                                                                                       no-fallthrough
  1:77582  warning  Expected a 'break' statement before 'case'                                                                                                       no-fallthrough
  1:77619  warning  Expected a 'break' statement before 'case'                                                                                                       no-fallthrough
  1:77661  warning  Expected a 'break' statement before 'case'                                                                                                       no-fallthrough
  1:79325  warning  Expected a 'break' statement before 'case'                                                                                                       no-fallthrough
  1:79783  warning  Expected a 'break' statement before 'case'                                                                                                       no-fallthrough
  1:79973  warning  Expected a 'break' statement before 'default'                                                                                                    no-fallthrough
  1:80032  warning  Unnecessary escape character: \-                                                                                                                 no-useless-escape
  1:89485  warning  'r' is defined but never used                                                                                                                    no-unused-vars
  1:89543  warning  Unnecessary escape character: \.                                                                                                                 no-useless-escape
  1:89545  warning  Unnecessary escape character: \/                                                                                                                 no-useless-escape
  1:90733  warning  Unnecessary escape character: \.                                                                                                                 no-useless-escape
  1:90735  warning  Unnecessary escape character: \^                                                                                                                 no-useless-escape
  1:90739  warning  Unnecessary escape character: \[                                                                                                                 no-useless-escape
  1:90741  warning  Unnecessary escape character: \-                                                                                                                 no-useless-escape
  1:90780  warning  Unnecessary escape character: \.                                                                                                                 no-useless-escape
  1:90782  warning  Unnecessary escape character: \/                                                                                                                 no-useless-escape
  1:91000  warning  Do not access Object.prototype method 'hasOwnProperty' from target object                                                                        no-prototype-builtins

/home/runner/work/exp-sound-level-meter-coep/exp-sound-level-meter-coep/experiment/simulation/resource/lib/jquery.js
  2:58     warning  'module' is not defined                                                    no-undef
  2:73     warning  'module' is not defined                                                    no-undef
  2:6324   warning  Expected a conditional expression and instead saw an assignment            no-cond-assign
  2:6580   warning  Expected a conditional expression and instead saw an assignment            no-cond-assign
  2:7011   warning  Expected a conditional expression and instead saw an assignment            no-cond-assign
  2:7270   warning  Empty block statement                                                      no-empty
  2:7839   warning  Expected a conditional expression and instead saw an assignment            no-cond-assign
  2:9709   warning  Expected a conditional expression and instead saw an assignment            no-cond-assign
  2:11311  warning  Expected a conditional expression and instead saw an assignment            no-cond-assign
  2:11887  warning  Expected a conditional expression and instead saw an assignment            no-cond-assign
  2:11925  warning  Expected a conditional expression and instead saw an assignment            no-cond-assign
  2:12343  warning  Empty block statement                                                      no-empty
  2:12906  warning  Expected a conditional expression and instead saw an assignment            no-cond-assign
  2:13218  warning  Expected a conditional expression and instead saw an assignment            no-cond-assign
  2:15046  warning  Expected a conditional expression and instead saw an assignment            no-cond-assign
  2:15317  warning  Expected a conditional expression and instead saw an assignment            no-cond-assign
  2:15517  warning  Expected a conditional expression and instead saw an assignment            no-cond-assign
  2:15893  warning  Do not access Object.prototype method 'hasOwnProperty' from target object  no-prototype-builtins
  2:16598  warning  Expected a conditional expression and instead saw an assignment            no-cond-assign
  2:18982  warning  Expected a conditional expression and instead saw an assignment            no-cond-assign
  2:19073  warning  Expected a conditional expression and instead saw an assignment            no-cond-assign
  2:19133  warning  Expected a conditional expression and instead saw an assignment            no-cond-assign
  2:20435  warning  Expected a conditional expression and instead saw an assignment            no-cond-assign
  2:21049  warning  Expected a conditional expression and instead saw an assignment            no-cond-assign
  2:21160  warning  Expected a conditional expression and instead saw an assignment            no-cond-assign
  2:23420  warning  Unnecessary escape character: \[                                           no-useless-escape
  2:23422  warning  Unnecessary escape character: \.                                           no-useless-escape
  2:30761  warning  Empty block statement                                                      no-empty
  2:31981  warning  Empty block statement                                                      no-empty
  3:7811   warning  Expected a conditional expression and instead saw an assignment            no-cond-assign
  3:7951   warning  Expected a conditional expression and instead saw an assignment            no-cond-assign
  3:8441   warning  Empty block statement                                                      no-empty
  3:11852  warning  Empty block statement                                                      no-empty
  3:14493  warning  Empty block statement                                                      no-empty
  3:24051  warning  Empty block statement                                                      no-empty
  3:26100  warning  Move function declaration to function body root                            no-inner-declarations
  3:30714  warning  Empty block statement                                                      no-empty
  4:2546   warning  Expected a conditional expression and instead saw an assignment            no-cond-assign
  4:5062   warning  Expected a conditional expression and instead saw an assignment            no-cond-assign
  4:11701  warning  Expected a conditional expression and instead saw an assignment            no-cond-assign
  4:13447  warning  Empty block statement                                                      no-empty
  4:14747  warning  Expected a conditional expression and instead saw an assignment            no-cond-assign
  4:14827  warning  Expected a conditional expression and instead saw an assignment            no-cond-assign
  4:15164  warning  Expected a conditional expression and instead saw an assignment            no-cond-assign
  4:15244  warning  Expected a conditional expression and instead saw an assignment            no-cond-assign
  4:15659  warning  Expected a conditional expression and instead saw an assignment            no-cond-assign
  4:15915  warning  Expected a conditional expression and instead saw an assignment            no-cond-assign
  4:16492  warning  Unnecessary escape character: \/                                           no-useless-escape
  4:17365  warning  Unnecessary escape character: \/                                           no-useless-escape
  4:17377  warning  Unnecessary escape character: \/                                           no-useless-escape
  4:17610  warning  Expected a conditional expression and instead saw an assignment            no-cond-assign
  4:20109  warning  Expected a conditional expression and instead saw an assignment            no-cond-assign
  4:22009  warning  Expected a conditional expression and instead saw an assignment            no-cond-assign
  4:27128  warning  Empty block statement                                                      no-empty
  4:27205  warning  Empty block statement                                                      no-empty
  5:812    warning  'define' is not defined                                                    no-undef
  5:824    warning  'define' is not defined                                                    no-undef

/home/runner/work/exp-sound-level-meter-coep/exp-sound-level-meter-coep/experiment/simulation/resource/lib/jquery.min.js
  2:71     warning  'module' is not defined                                                    no-undef
  2:86     warning  'module' is not defined                                                    no-undef
  2:5433   warning  Unexpected control character(s) in regular expression: \x1f, \x1f          no-control-regex
  2:5916   warning  Expected a conditional expression and instead saw an assignment            no-cond-assign
  2:6170   warning  Expected a conditional expression and instead saw an assignment            no-cond-assign
  2:6614   warning  Expected a conditional expression and instead saw an assignment            no-cond-assign
  2:7404   warning  Expected a conditional expression and instead saw an assignment            no-cond-assign
  2:9497   warning  Expected a conditional expression and instead saw an assignment            no-cond-assign
  2:9807   warning  Expected a conditional expression and instead saw an assignment            no-cond-assign
  2:11608  warning  Expected a conditional expression and instead saw an assignment            no-cond-assign
  2:12183  warning  Expected a conditional expression and instead saw an assignment            no-cond-assign
  2:12221  warning  Expected a conditional expression and instead saw an assignment            no-cond-assign
  2:13234  warning  Expected a conditional expression and instead saw an assignment            no-cond-assign
  2:13546  warning  Expected a conditional expression and instead saw an assignment            no-cond-assign
  2:15374  warning  Expected a conditional expression and instead saw an assignment            no-cond-assign
  2:15645  warning  Expected a conditional expression and instead saw an assignment            no-cond-assign
  2:15843  warning  Expected a conditional expression and instead saw an assignment            no-cond-assign
  2:16217  warning  Do not access Object.prototype method 'hasOwnProperty' from target object  no-prototype-builtins
  2:16907  warning  Expected a conditional expression and instead saw an assignment            no-cond-assign
  2:18727  warning  Expected a conditional expression and instead saw an assignment            no-cond-assign
  2:18827  warning  Expected a conditional expression and instead saw an assignment            no-cond-assign
  2:18887  warning  Expected a conditional expression and instead saw an assignment            no-cond-assign
  2:19071  warning  Expected a conditional expression and instead saw an assignment            no-cond-assign
  2:20240  warning  Expected a conditional expression and instead saw an assignment            no-cond-assign
  2:21514  warning  Expected a conditional expression and instead saw an assignment            no-cond-assign
  2:21625  warning  Expected a conditional expression and instead saw an assignment            no-cond-assign
  2:23791  warning  Unnecessary escape character: \/                                           no-useless-escape
  2:33395  warning  Empty block statement                                                      no-empty
  2:37269  warning  Unnecessary escape character: \/                                           no-useless-escape
  2:38490  warning  Expected a conditional expression and instead saw an assignment            no-cond-assign
  2:38606  warning  Expected a conditional expression and instead saw an assignment            no-cond-assign
  2:39234  warning  Empty block statement                                                      no-empty
  2:46727  warning  Unnecessary escape character: \/                                           no-useless-escape
  2:49033  warning  Expected a conditional expression and instead saw an assignment            no-cond-assign
  2:50593  warning  Empty block statement                                                      no-empty
  2:58406  warning  Expected a conditional expression and instead saw an assignment            no-cond-assign
  2:59575  warning  Expected a conditional expression and instead saw an assignment            no-cond-assign
  2:65215  warning  Expected a conditional expression and instead saw an assignment            no-cond-assign
  2:66958  warning  Expected a conditional expression and instead saw an assignment            no-cond-assign
  2:67024  warning  Expected a conditional expression and instead saw an assignment            no-cond-assign
  2:67328  warning  Expected a conditional expression and instead saw an assignment            no-cond-assign
  2:67394  warning  Expected a conditional expression and instead saw an assignment            no-cond-assign
  2:67801  warning  Expected a conditional expression and instead saw an assignment            no-cond-assign
  2:68078  warning  Expected a conditional expression and instead saw an assignment            no-cond-assign
  2:73449  warning  Expected a conditional expression and instead saw an assignment            no-cond-assign
  2:75043  warning  Expected a conditional expression and instead saw an assignment            no-cond-assign
  2:75823  warning  'r.href' is assigned to itself                                             no-self-assign
  2:80414  warning  Empty block statement                                                      no-empty
  2:83525  warning  Expected a conditional expression and instead saw an assignment            no-cond-assign
  2:87869  warning  'define' is not defined                                                    no-undef
  2:87881  warning  'define' is not defined                                                    no-undef

/home/runner/work/exp-sound-level-meter-coep/exp-sound-level-meter-coep/experiment/simulation/resource/lib/raphael-min.js
  10:22811  error  Parsing error: Deleting local variable in strict mode

/home/runner/work/exp-sound-level-meter-coep/exp-sound-level-meter-coep/experiment/simulation/resource/lib/raphael.js
  3718:60  error  Parsing error: Deleting local variable in strict mode

/home/runner/work/exp-sound-level-meter-coep/exp-sound-level-meter-coep/experiment/simulation/src/animation.js
    7:10  warning  'animation' is defined but never used               no-unused-vars
    9:2   warning  '$' is not defined                                  no-undef
   10:5   warning  '$' is not defined                                  no-undef
   11:5   warning  '$' is not defined                                  no-undef
   13:1   warning  '$' is not defined                                  no-undef
   14:2   warning  '$' is not defined                                  no-undef
   18:14  warning  '$' is not defined                                  no-undef
   20:6   warning  '$' is not defined                                  no-undef
   21:3   warning  'width' is assigned a value but never used          no-unused-vars
   21:11  warning  '$' is not defined                                  no-undef
   22:3   warning  'paper' is not defined                              no-undef
   22:15  warning  'Raphael' is not defined                            no-undef
   23:3   warning  'paper' is not defined                              no-undef
   24:3   warning  'paper' is not defined                              no-undef
   26:3   warning  'paper' is not defined                              no-undef
   26:15  warning  'Raphael' is not defined                            no-undef
   27:3   warning  'paper' is not defined                              no-undef
   28:3   warning  'paper' is not defined                              no-undef
   36:5   warning  'time' is assigned a value but never used           no-unused-vars
   41:11  warning  'paper' is not defined                              no-undef
   42:1   warning  'paper' is not defined                              no-undef
   44:10  warning  'paper' is not defined                              no-undef
   45:1   warning  'paper' is not defined                              no-undef
   47:5   warning  'locationFrame' is assigned a value but never used  no-unused-vars
   47:19  warning  'paper' is not defined                              no-undef
   50:11  warning  'paper' is not defined                              no-undef
   51:11  warning  'paper' is not defined                              no-undef
   53:8   warning  'paper' is not defined                              no-undef
   57:5   warning  'placeImg' is assigned a value but never used       no-unused-vars
   58:5   warning  'Location_txt' is assigned a value but never used   no-unused-vars
   58:18  warning  'paper' is not defined                              no-undef
   61:2   warning  'myTimer' is not defined                            no-undef
   74:5   warning  'musicfile' is not defined                          no-undef
   79:5   warning  'musicfile' is not defined                          no-undef
   83:2   warning  '$' is not defined                                  no-undef
   86:13  warning  'paper' is not defined                              no-undef
   87:8   warning  'strip' is assigned a value but never used          no-unused-vars
   87:14  warning  'paper' is not defined                              no-undef
   91:11  warning  'paper' is not defined                              no-undef
   95:11  warning  'paper' is not defined                              no-undef
   99:11  warning  'paper' is not defined                              no-undef
  103:11  warning  'paper' is not defined                              no-undef
  107:11  warning  'paper' is not defined                              no-undef
  111:11  warning  'paper' is not defined                              no-undef
  112:1   warning  Mixed spaces and tabs                               no-mixed-spaces-and-tabs
  116:1   warning  '$' is not defined                                  no-undef
  117:3   warning  '$' is not defined                                  no-undef
  118:3   warning  '$' is not defined                                  no-undef
  119:3   warning  '$' is not defined                                  no-undef
  125:2   warning  Mixed spaces and tabs                               no-mixed-spaces-and-tabs
  129:16  warning  'paper' is not defined                              no-undef
  132:14  warning  'paper' is not defined                              no-undef
  136:14  warning  'paper' is not defined                              no-undef
  140:14  warning  'paper' is not defined                              no-undef
  144:14  warning  'paper' is not defined                              no-undef
  148:14  warning  'paper' is not defined                              no-undef
  152:14  warning  'paper' is not defined                              no-undef
  153:4   warning  Mixed spaces and tabs                               no-mixed-spaces-and-tabs
  156:19  warning  'myTimer' is not defined                            no-undef
  164:10  warning  'addToMasterJSON' is defined but never used         no-unused-vars
  165:1   warning  Mixed spaces and tabs                               no-mixed-spaces-and-tabs
  165:20  warning  'tempJson' is not defined                           no-undef
  166:7   warning  'tempJson' is not defined                           no-undef
  167:7   warning  'tempJson' is not defined                           no-undef
  168:7   warning  'tempJson' is not defined                           no-undef
  169:22  warning  'tempJson' is not defined                           no-undef
  172:7   warning  'tableCreate' is not defined                        no-undef

/home/runner/work/exp-sound-level-meter-coep/exp-sound-level-meter-coep/experiment/simulation/src/mainPage.js
    1:1   warning  'tableReading' is not defined                   no-undef
    2:5   warning  'musicfile' is assigned a value but never used  no-unused-vars
    3:10  warning  'mainPage' is defined but never used            no-unused-vars
    4:2   warning  '$' is not defined                              no-undef
    5:6   warning  '$' is not defined                              no-undef
    7:7   warning  '$' is not defined                              no-undef
    8:7   warning  '$' is not defined                              no-undef
   10:7   warning  '$' is not defined                              no-undef
   16:1   warning  Mixed spaces and tabs                           no-mixed-spaces-and-tabs
   17:1   warning  Mixed spaces and tabs                           no-mixed-spaces-and-tabs
   18:1   warning  Mixed spaces and tabs                           no-mixed-spaces-and-tabs
   24:1   warning  Mixed spaces and tabs                           no-mixed-spaces-and-tabs
   30:1   warning  Mixed spaces and tabs                           no-mixed-spaces-and-tabs
   31:1   warning  Mixed spaces and tabs                           no-mixed-spaces-and-tabs
   32:1   warning  Mixed spaces and tabs                           no-mixed-spaces-and-tabs
   33:1   warning  Mixed spaces and tabs                           no-mixed-spaces-and-tabs
   34:1   warning  Mixed spaces and tabs                           no-mixed-spaces-and-tabs
   35:1   warning  Mixed spaces and tabs                           no-mixed-spaces-and-tabs
   36:1   warning  Mixed spaces and tabs                           no-mixed-spaces-and-tabs
   37:1   warning  Mixed spaces and tabs                           no-mixed-spaces-and-tabs
   38:1   warning  Mixed spaces and tabs                           no-mixed-spaces-and-tabs
   39:1   warning  Mixed spaces and tabs                           no-mixed-spaces-and-tabs
   40:1   warning  Mixed spaces and tabs                           no-mixed-spaces-and-tabs
   41:1   warning  Mixed spaces and tabs                           no-mixed-spaces-and-tabs
   42:1   warning  Mixed spaces and tabs                           no-mixed-spaces-and-tabs
   43:1   warning  Mixed spaces and tabs                           no-mixed-spaces-and-tabs
   44:1   warning  Mixed spaces and tabs                           no-mixed-spaces-and-tabs
   45:1   warning  Mixed spaces and tabs                           no-mixed-spaces-and-tabs
   46:1   warning  Mixed spaces and tabs                           no-mixed-spaces-and-tabs
   47:1   warning  Mixed spaces and tabs                           no-mixed-spaces-and-tabs
   49:1   warning  Mixed spaces and tabs                           no-mixed-spaces-and-tabs
   50:1   warning  Mixed spaces and tabs                           no-mixed-spaces-and-tabs
   55:1   warning  Mixed spaces and tabs                           no-mixed-spaces-and-tabs
   56:1   warning  Mixed spaces and tabs                           no-mixed-spaces-and-tabs
   57:1   warning  Mixed spaces and tabs                           no-mixed-spaces-and-tabs
   60:1   warning  Mixed spaces and tabs                           no-mixed-spaces-and-tabs
   61:1   warning  Mixed spaces and tabs                           no-mixed-spaces-and-tabs
   63:1   warning  Mixed spaces and tabs                           no-mixed-spaces-and-tabs
   64:1   warning  Mixed spaces and tabs                           no-mixed-spaces-and-tabs
   66:1   warning  Mixed spaces and tabs                           no-mixed-spaces-and-tabs
   87:3   warning  '$' is not defined                              no-undef
   90:5   warning  '$' is not defined                              no-undef
   91:1   warning  Mixed spaces and tabs                           no-mixed-spaces-and-tabs
   91:3   warning  'selectedMusic' is not defined                  no-undef
   91:18  warning  '$' is not defined                              no-undef
   93:2   warning  Mixed spaces and tabs                           no-mixed-spaces-and-tabs
   94:2   warning  Mixed spaces and tabs                           no-mixed-spaces-and-tabs
   94:8   warning  'selectedMusic' is not defined                  no-undef
   96:4   warning  'setAudio' is not defined                       no-undef
   98:11  warning  'selectedMusic' is not defined                  no-undef
  100:4   warning  'setAudio' is not defined                       no-undef
  102:11  warning  'selectedMusic' is not defined                  no-undef
  104:4   warning  'setAudio' is not defined                       no-undef
  106:11  warning  'selectedMusic' is not defined                  no-undef
  108:4   warning  'setAudio' is not defined                       no-undef
  110:11  warning  'selectedMusic' is not defined                  no-undef
  112:4   warning  'setAudio' is not defined                       no-undef
  114:11  warning  'selectedMusic' is not defined                  no-undef
  116:4   warning  'setAudio' is not defined                       no-undef
  118:11  warning  'selectedMusic' is not defined                  no-undef
  120:4   warning  'setAudio' is not defined                       no-undef
  123:3   warning  '$' is not defined                              no-undef
  123:28  warning  'setAudio' is not defined                       no-undef
  129:6   warning  '$' is not defined                              no-undef
  130:1   warning  Mixed spaces and tabs                           no-mixed-spaces-and-tabs
  130:4   warning  'frequencySelect' is not defined                no-undef
  130:20  warning  '$' is not defined                              no-undef
  131:2   warning  Mixed spaces and tabs                           no-mixed-spaces-and-tabs
  131:5   warning  'soundSelect' is not defined                    no-undef
  131:17  warning  '$' is not defined                              no-undef
  136:2   warning  Mixed spaces and tabs                           no-mixed-spaces-and-tabs
  137:2   warning  Mixed spaces and tabs                           no-mixed-spaces-and-tabs
  137:9   warning  'frequencySelect' is not defined                no-undef
  138:3   warning  '$' is not defined                              no-undef
  139:3   warning  '$' is not defined                              no-undef
  140:11  warning  'soundSelect' is not defined                    no-undef
  141:3   warning  '$' is not defined                              no-undef
  142:3   warning  '$' is not defined                              no-undef
  144:3   warning  '$' is not defined                              no-undef
  145:3   warning  '$' is not defined                              no-undef
  147:2   warning  Mixed spaces and tabs                           no-mixed-spaces-and-tabs
  147:5   warning  'animation' is not defined                      no-undef
  147:15  warning  'frequencySelect' is not defined                no-undef
  147:31  warning  'soundSelect' is not defined                    no-undef
  148:2   warning  Mixed spaces and tabs                           no-mixed-spaces-and-tabs
  150:2   warning  Mixed spaces and tabs                           no-mixed-spaces-and-tabs
  158:1   warning  'id' is not defined                             no-undef
  159:6   warning  '$' is not defined                              no-undef
  160:3   warning  Mixed spaces and tabs                           no-mixed-spaces-and-tabs
  161:5   warning  '$' is not defined                              no-undef
  162:3   warning  Mixed spaces and tabs                           no-mixed-spaces-and-tabs
  162:22  warning  '$' is not defined                              no-undef
  167:6   warning  '$' is not defined                              no-undef
  173:10  warning  'id' is not defined                             no-undef
  174:23  warning  'soundDB' is not defined                        no-undef
  175:8   warning  '$' is not defined                              no-undef
  176:8   warning  '$' is not defined                              no-undef
  177:8   warning  'id' is not defined                             no-undef
  179:8   warning  'addToMasterJSON' is not defined                no-undef
  180:8   warning  '$' is not defined                              no-undef
  182:30  warning  'soundDB' is not defined                        no-undef
  183:6   warning  '$' is not defined                              no-undef
  190:18  warning  '$' is not defined                              no-undef
  192:23  warning  'soundDB' is not defined                        no-undef
  194:8   warning  '$' is not defined                              no-undef
  195:8   warning  '$' is not defined                              no-undef
  197:8   warning  'addToMasterJSON' is not defined                no-undef
  198:8   warning  '$' is not defined                              no-undef
  199:8   warning  'id' is not defined                             no-undef
  203:7   warning  Mixed spaces and tabs                           no-mixed-spaces-and-tabs
  203:9   warning  '$' is not defined                              no-undef
  203:76  warning  'soundDB' is not defined                        no-undef
  206:6   warning  'id' is not defined                             no-undef
  209:3   warning  '$' is not defined                              no-undef
  210:3   warning  '$' is not defined                              no-undef
  211:3   warning  '$' is not defined                              no-undef
  218:1   warning  Mixed spaces and tabs                           no-mixed-spaces-and-tabs

/home/runner/work/exp-sound-level-meter-coep/exp-sound-level-meter-coep/experiment/simulation/src/questionJson.js
    3:1  warning  'QuestionsJSON' is not defined                   no-undef
  113:5  warning  'ANSWERJSON' is assigned a value but never used  no-unused-vars

/home/runner/work/exp-sound-level-meter-coep/exp-sound-level-meter-coep/experiment/simulation/src/questions.js
    4:4   warning  'data' is not defined           no-undef
    5:4   warning  'dataQues' is not defined       no-undef
   11:24  warning  'QuestionsJSON' is not defined  no-undef
   13:25  warning  'QuestionsJSON' is not defined  no-undef
   19:9   warning  'QuestionsJSON' is not defined  no-undef
   22:26  warning  'QuestionsJSON' is not defined  no-undef
   27:86  warning  'QuestionsJSON' is not defined  no-undef
   29:10  warning  'QuestionsJSON' is not defined  no-undef
   32:10  warning  'QuestionsJSON' is not defined  no-undef
   73:4   warning  '$' is not defined              no-undef
   75:4   warning  '$' is not defined              no-undef
   76:5   warning  '$' is not defined              no-undef
   80:26  warning  'QuestionsJSON' is not defined  no-undef
   82:17  warning  '$' is not defined              no-undef
   85:19  warning  '$' is not defined              no-undef
   88:17  warning  '$' is not defined              no-undef
   95:8   warning  '$' is not defined              no-undef
   96:8   warning  '$' is not defined              no-undef
  109:16  warning  'i' is already defined          no-redeclare
  114:7   warning  'dataQues' is not defined       no-undef
  115:6   warning  Mixed spaces and tabs           no-mixed-spaces-and-tabs
  115:8   warning  'data' is not defined           no-undef
  115:23  warning  'dataQues' is not defined       no-undef
  117:6   warning  Mixed spaces and tabs           no-mixed-spaces-and-tabs
  118:6   warning  Mixed spaces and tabs           no-mixed-spaces-and-tabs
  118:8   warning  '$' is not defined              no-undef
  119:26  warning  '$' is not defined              no-undef
  120:6   warning  Mixed spaces and tabs           no-mixed-spaces-and-tabs
  121:6   warning  Mixed spaces and tabs           no-mixed-spaces-and-tabs
  121:11  warning  '$' is not defined              no-undef
  123:2   warning  Mixed spaces and tabs           no-mixed-spaces-and-tabs
  126:6   warning  '$' is not defined              no-undef
  127:6   warning  Mixed spaces and tabs           no-mixed-spaces-and-tabs
  128:1   warning  Mixed spaces and tabs           no-mixed-spaces-and-tabs
  130:5   warning  '$' is not defined              no-undef
  131:1   warning  Mixed spaces and tabs           no-mixed-spaces-and-tabs
  131:15  warning  '$' is not defined              no-undef
  132:5   warning  'mainPage' is not defined       no-undef

/home/runner/work/exp-sound-level-meter-coep/exp-sound-level-meter-coep/experiment/simulation/src/table.js
   2:10  warning  'tableCreate' is defined but never used  no-unused-vars
  55:2   warning  '$' is not defined                       no-undef
  56:2   warning  'tableReading' is not defined            no-undef
  58:6   warning  'tableReading' is not defined            no-undef
  59:3   warning  '$' is not defined                       no-undef
  62:2   warning  '$' is not defined                       no-undef
  64:4   warning  '$' is not defined                       no-undef

✖ 515 problems (3 errors, 512 warnings)

